<?xml version="1.0" encoding="UTF-8"?>
<testsuites xmlns:xsi="http://www.w3.org/2001/XMLSchema-instance" xsi:noNamespaceSchemaLocation="JUnit.xsd">
  <testsuite name="check" package="unknown" id="1" timestamp="2023-07-26T16:06:44" hostname="NB1211284">
    <properties>
    </properties>
    <testcase name="success" classname="unknown"/>
    <testcase name="failure" classname="unknown">
      <system-out>
           Non-zero exit code encountered
      </system-out>
    </testcase>
    <testcase name="failure-message" classname="unknown">
      <system-out>
           Custom message describing the error
      </system-out>
    </testcase>
    <testcase name="failure-with-more" classname="unknown">
      <system-out>
           Non-zero exit code encountered
           with an additional descriptive message here
      </system-out>
    </testcase>
    <testcase name="expression" classname="unknown"/>
    <testcase name="expression-fail" classname="unknown">
      <system-out>
           Condition not fullfilled
      </system-out>
    </testcase>
    <testcase name="expression-message" classname="unknown">
      <system-out>
           index("info!", "!") == 0
      </system-out>
    </testcase>
    <testcase name="expression-with-more" classname="unknown">
      <system-out>
           Condition not fullfilled
           index("info!", "?")
      </system-out>
    </testcase>
    <testcase name="real-single-abs" classname="unknown"/>
    <testcase name="real-single-rel" classname="unknown"/>
    <testcase name="real-single-nan" classname="unknown">
      <system-out>
           Exceptional value 'not a number' found
      </system-out>
    </testcase>
    <testcase name="real-single-abs-fail" classname="unknown">
      <system-out>
           Floating point value missmatch
           expected 2.000000 but got 1.000000 (difference: 1.000000)
      </system-out>
    </testcase>
    <testcase name="real-single-rel-fail" classname="unknown">
      <system-out>
           Floating point value missmatch
           expected 1.500000 but got 1.000000 (difference: 33%)
      </system-out>
    </testcase>
    <testcase name="real-single-abs-message" classname="unknown">
      <system-out>
           Actual value is not 1.5
      </system-out>
    </testcase>
    <testcase name="real-single-nan-message" classname="unknown">
      <system-out>
           Actual value is not a number
      </system-out>
    </testcase>
    <testcase name="real-double-abs" classname="unknown"/>
    <testcase name="real-double-rel" classname="unknown"/>
    <testcase name="real-double-nan" classname="unknown">
      <system-out>
           Exceptional value 'not a number' found
      </system-out>
    </testcase>
    <testcase name="real-double-abs-fail" classname="unknown">
      <system-out>
           Floating point value missmatch
           expected 2.000000000000000 but got 1.000000000000000 (difference: 1.000000000000000)
      </system-out>
    </testcase>
    <testcase name="real-double-rel-fail" classname="unknown">
      <system-out>
           Floating point value missmatch
           expected 1.500000000000000 but got 1.000000000000000 (difference: 33%)
      </system-out>
    </testcase>
    <testcase name="real-double-abs-message" classname="unknown">
      <system-out>
           Actual value is not 1.5
      </system-out>
    </testcase>
    <testcase name="real-double-nan-message" classname="unknown">
      <system-out>
           Actual value is not a number
      </system-out>
    </testcase>
    <testcase name="complex-single-abs" classname="unknown"/>
    <testcase name="complex-single-rel" classname="unknown"/>
    <testcase name="complex-single-nan" classname="unknown">
      <system-out>
           Exceptional value 'not a number' found
      </system-out>
    </testcase>
    <testcase name="complex-single-abs-fail" classname="unknown">
      <system-out>
           Floating point value missmatch
           expected (2.000000, 1.000000) but got (1.000000, 2.000000) (difference: 1.414214)
      </system-out>
    </testcase>
    <testcase name="complex-single-rel-fail" classname="unknown">
      <system-out>
           Floating point value missmatch
           expected (1.500000, 1.000000) but got (1.000000, 1.500000) (difference: 39%)
      </system-out>
    </testcase>
    <testcase name="complex-single-abs-message" classname="unknown">
      <system-out>
           Actual value is not 1.5+1.0i
      </system-out>
    </testcase>
    <testcase name="complex-single-nan-message" classname="unknown">
      <system-out>
           Actual value is not a number
      </system-out>
    </testcase>
    <testcase name="complex-double-abs" classname="unknown"/>
    <testcase name="complex-double-rel" classname="unknown"/>
    <testcase name="complex-double-nan" classname="unknown">
      <system-out>
           Exceptional value 'not a number' found
      </system-out>
    </testcase>
    <testcase name="complex-double-abs-fail" classname="unknown">
      <system-out>
           Floating point value missmatch
           expected (2.000000000000000, 1.000000000000000) but got (1.000000000000000, 2.000000000000000) (difference: 1.414213562373095)
      </system-out>
    </testcase>
    <testcase name="complex-double-rel-fail" classname="unknown">
      <system-out>
           Floating point value missmatch
           expected (1.500000000000000, 1.000000000000000) but got (1.000000000000000, 1.500000000000000) (difference: 39%)
      </system-out>
    </testcase>
    <testcase name="complex-double-abs-message" classname="unknown">
      <system-out>
           Actual value is not 1.5+1.0i
      </system-out>
    </testcase>
    <testcase name="complex-double-nan-message" classname="unknown">
      <system-out>
           Actual value is not a number
      </system-out>
    </testcase>
    <testcase name="integer-char" classname="unknown"/>
    <testcase name="integer-char-fail" classname="unknown">
      <system-out>
           Integer value missmatch
           expected -4 but got 3
      </system-out>
    </testcase>
    <testcase name="integer-char-message" classname="unknown">
      <system-out>
           Actual value is not seven
      </system-out>
    </testcase>
    <testcase name="integer-char-with-more" classname="unknown">
      <system-out>
           Integer value missmatch
           expected 3 but got 0
           with an additional descriptive message here
      </system-out>
    </testcase>
    <testcase name="integer-short" classname="unknown"/>
    <testcase name="integer-short-fail" classname="unknown">
      <system-out>
           Integer value missmatch
           expected -4 but got 3
      </system-out>
    </testcase>
    <testcase name="integer-short-message" classname="unknown">
      <system-out>
           Actual value is not seven
      </system-out>
    </testcase>
    <testcase name="integer-short-with-more" classname="unknown">
      <system-out>
           Integer value missmatch
           expected 3 but got 0
           with an additional descriptive message here
      </system-out>
    </testcase>
    <testcase name="integer-default" classname="unknown"/>
    <testcase name="integer-default-fail" classname="unknown">
      <system-out>
           Integer value missmatch
           expected -4 but got 3
      </system-out>
    </testcase>
    <testcase name="integer-default-message" classname="unknown">
      <system-out>
           Actual value is not seven
      </system-out>
    </testcase>
    <testcase name="integer-default-with-more" classname="unknown">
      <system-out>
           Integer value missmatch
           expected 3 but got 0
           with an additional descriptive message here
      </system-out>
    </testcase>
    <testcase name="integer-long" classname="unknown"/>
    <testcase name="integer-long-fail" classname="unknown">
      <system-out>
           Integer value missmatch
           expected -4 but got 3
      </system-out>
    </testcase>
    <testcase name="integer-long-message" classname="unknown">
      <system-out>
           Actual value is not seven
      </system-out>
    </testcase>
    <testcase name="integer-long-with-more" classname="unknown">
      <system-out>
           Integer value missmatch
           expected 3 but got 0
           with an additional descriptive message here
      </system-out>
    </testcase>
    <testcase name="logical-default-true" classname="unknown"/>
    <testcase name="logical-default-false" classname="unknown"/>
    <testcase name="logical-default-fail" classname="unknown">
      <system-out>
           Logical value missmatch
           expected F but got T
      </system-out>
    </testcase>
    <testcase name="logical-default-message" classname="unknown">
      <system-out>
           Logical value is not true
      </system-out>
    </testcase>
    <testcase name="logical-default-with-more" classname="unknown">
      <system-out>
           Logical value missmatch
           expected F but got T
           with an additional descriptive message
      </system-out>
    </testcase>
    <testcase name="character" classname="unknown"/>
    <testcase name="character-fail" classname="unknown">
      <system-out>
           Character value missmatch
           expected 'negative' but got 'positive'
      </system-out>
    </testcase>
    <testcase name="character-message" classname="unknown">
      <system-out>
           Character string should be negative
      </system-out>
    </testcase>
    <testcase name="character-with-more" classname="unknown">
      <system-out>
           Character value missmatch
           expected 'negative' but got 'positive'
           with an additional descriptive message
      </system-out>
    </testcase>
    <testcase name="character-with-more" classname="unknown">
      <system-out>
           Character value missmatch
           expected 'negative' but got 'positive'
           with an additional descriptive message
      </system-out>
    </testcase>
    <testcase name="string-i1" classname="unknown"/>
    <testcase name="string-i2" classname="unknown"/>
    <testcase name="string-i4" classname="unknown"/>
    <testcase name="string-i8" classname="unknown"/>
  <system-out/>
  <system-err/>
  </testsuite>
  <testsuite name="select" package="unknown" id="2" timestamp="2023-07-26T16:06:44" hostname="NB1211284">
    <properties>
    </properties>
    <testcase name="always-pass" classname="unknown"/>
    <testcase name="always-fail" classname="unknown">
      <system-out>
           Always failing test
      </system-out>
    </testcase>
    <testcase name="always-pass" classname="unknown"/>
    <testcase name="always-fail" classname="unknown">
      <system-out>
           Always failing test
      </system-out>
    </testcase>
    <testcase name="run-good-suite" classname="unknown"/>
    <testcase name="always-pass" classname="unknown">
      <failure message="UNEXPECTED PASS" type="unknown"/>
    </testcase>
    <testcase name="always-fail" classname="unknown">
      <failure message="FAILED" type="unknown"/>
      <system-out>
           Always failing test
      </system-out>
    </testcase>
    <testcase name="run-bad-suite" classname="unknown"/>
    <testcase name="always-fail" classname="unknown">
      <system-out>
           Always failing test
      </system-out>
    </testcase>
    <testcase name="run-selected" classname="unknown"/>
    <testcase name="select-missing" classname="unknown"/>
  <system-out/>
  <system-err/>
  </testsuite>
</testsuites>
